<?xml version="1.0" encoding="UTF-8"?>
<!-- Generated by org.testng.reporters.JUnitReportReporter -->
<testsuite hostname="Krishnaas-MacBook-Air.local" failures="0" tests="1" name="Testcases.VerifyLoginFunctionality" time="12.371" errors="0" timestamp="2021-05-07T23:24:13 PDT" skipped="0">
  <testcase classname="Testcases.VerifyLoginFunctionality" name="VerifyLoginErrorMessage01" time="12.371"/>
  <system-out/>
</testsuite> <!-- Testcases.VerifyLoginFunctionality -->
