<?xml version="1.0" encoding="UTF-8"?>
<!-- Generated by org.testng.reporters.JUnitReportReporter -->
<testsuite hostname="Krishnaas-MacBook-Air.local" failures="0" tests="1" name="Testcases.CheckRememberMe" time="13.360" errors="0" timestamp="2021-05-07T23:45:55 PDT" skipped="0">
  <testcase classname="Testcases.CheckRememberMe" name="rememberme" time="13.360"/>
  <system-out/>
</testsuite> <!-- Testcases.CheckRememberMe -->
